0 info it worked if it ends with ok
1 verbose cli [ '/usr/bin/node', '/usr/bin/npm', 'run', 'build:js' ]
2 info using npm@3.10.2
3 info using node@v6.2.2
4 verbose run-script [ 'prebuild:js', 'build:js', 'postbuild:js' ]
5 info lifecycle shopping-list-app@1.0.0~prebuild:js: shopping-list-app@1.0.0
6 silly lifecycle shopping-list-app@1.0.0~prebuild:js: no script for prebuild:js, continuing
7 info lifecycle shopping-list-app@1.0.0~build:js: shopping-list-app@1.0.0
8 verbose lifecycle shopping-list-app@1.0.0~build:js: unsafe-perm in lifecycle true
9 verbose lifecycle shopping-list-app@1.0.0~build:js: PATH: /usr/lib/node_modules/npm/bin/node-gyp-bin:/home/kuwood/projects/thinkful/shoppingListApp/node_modules/.bin:/usr/bin:/home/kuwood/.npm-global/bin:/usr/local/sbin:/usr/local/bin:/usr/bin:/usr/lib/jvm/default/bin:/usr/bin/site_perl:/usr/bin/vendor_perl:/usr/bin/core_perl
10 verbose lifecycle shopping-list-app@1.0.0~build:js: CWD: /home/kuwood/projects/thinkful/shoppingListApp
11 silly lifecycle shopping-list-app@1.0.0~build:js: Args: [ '-c', 'npm run clean:js && webpack' ]
12 silly lifecycle shopping-list-app@1.0.0~build:js: Returned: code: 255  signal: null
13 info lifecycle shopping-list-app@1.0.0~build:js: Failed to exec build:js script
14 verbose stack Error: shopping-list-app@1.0.0 build:js: `npm run clean:js && webpack`
14 verbose stack Exit status 255
14 verbose stack     at EventEmitter.<anonymous> (/usr/lib/node_modules/npm/lib/utils/lifecycle.js:242:16)
14 verbose stack     at emitTwo (events.js:106:13)
14 verbose stack     at EventEmitter.emit (events.js:191:7)
14 verbose stack     at ChildProcess.<anonymous> (/usr/lib/node_modules/npm/lib/utils/spawn.js:40:14)
14 verbose stack     at emitTwo (events.js:106:13)
14 verbose stack     at ChildProcess.emit (events.js:191:7)
14 verbose stack     at maybeClose (internal/child_process.js:852:16)
14 verbose stack     at Process.ChildProcess._handle.onexit (internal/child_process.js:215:5)
15 verbose pkgid shopping-list-app@1.0.0
16 verbose cwd /home/kuwood/projects/thinkful/shoppingListApp
17 error Linux 4.6.2-1-MANJARO
18 error argv "/usr/bin/node" "/usr/bin/npm" "run" "build:js"
19 error node v6.2.2
20 error npm  v3.10.2
21 error code ELIFECYCLE
22 error shopping-list-app@1.0.0 build:js: `npm run clean:js && webpack`
22 error Exit status 255
23 error Failed at the shopping-list-app@1.0.0 build:js script 'npm run clean:js && webpack'.
23 error Make sure you have the latest version of node.js and npm installed.
23 error If you do, this is most likely a problem with the shopping-list-app package,
23 error not with npm itself.
23 error Tell the author that this fails on your system:
23 error     npm run clean:js && webpack
23 error You can get information on how to open an issue for this project with:
23 error     npm bugs shopping-list-app
23 error Or if that isn't available, you can get their info via:
23 error     npm owner ls shopping-list-app
23 error There is likely additional logging output above.
24 verbose exit [ 1, true ]
